[2025-03-17 16:37:48,770] INFO Watching for file changes with StatReloader
[2025-03-17 16:38:35,000] INFO Watching for file changes with StatReloader
[2025-03-17 16:39:42,079] INFO D:\FinTrip\Recommand\FinTrip\FinTrip\Recommend\hotel.py changed, reloading.
[2025-03-17 16:39:43,015] INFO Watching for file changes with StatReloader
[2025-03-17 16:40:48,092] INFO Watching for file changes with StatReloader
[2025-03-17 16:41:16,215] INFO Watching for file changes with StatReloader
[2025-03-17 16:43:27,410] INFO Watching for file changes with StatReloader
[2025-03-17 16:45:26,801] INFO D:\FinTrip\Recommand\FinTrip\FinTrip\Recommend\views.py changed, reloading.
[2025-03-17 16:45:27,732] INFO Watching for file changes with StatReloader
[2025-03-17 16:47:51,047] INFO D:\FinTrip\Recommand\FinTrip\FinTrip\Recommend\processed.py changed, reloading.
[2025-03-17 16:47:51,933] INFO Watching for file changes with StatReloader
[2025-03-17 16:48:06,130] INFO D:\FinTrip\Recommand\FinTrip\FinTrip\Recommend\views.py changed, reloading.
[2025-03-17 16:48:06,902] INFO Watching for file changes with StatReloader
[2025-03-17 16:48:53,581] INFO D:\FinTrip\Recommand\FinTrip\FinTrip\Recommend\urls.py changed, reloading.
[2025-03-17 16:48:54,396] INFO Watching for file changes with StatReloader
[2025-03-17 16:49:11,731] INFO D:\FinTrip\Recommand\FinTrip\FinTrip\Recommend\urls.py changed, reloading.
[2025-03-17 16:49:12,581] INFO Watching for file changes with StatReloader
[2025-03-17 16:49:23,283] INFO Watching for file changes with StatReloader
[2025-03-17 16:49:58,100] INFO D:\FinTrip\Recommand\FinTrip\FinTrip\Recommend\views.py changed, reloading.
[2025-03-17 16:49:59,097] INFO Watching for file changes with StatReloader
[2025-03-17 16:51:01,138] INFO Watching for file changes with StatReloader
[2025-03-17 16:51:31,492] INFO D:\FinTrip\Recommand\FinTrip\FinTrip\Recommend\views.py changed, reloading.
[2025-03-17 16:51:32,526] INFO Watching for file changes with StatReloader
[2025-03-17 16:51:58,553] INFO D:\FinTrip\Recommand\FinTrip\FinTrip\Recommend\views.py changed, reloading.
[2025-03-17 16:51:59,404] INFO Watching for file changes with StatReloader
[2025-03-17 16:52:07,613] WARNING Not Found: /
[2025-03-17 16:52:08,957] WARNING Not Found: /
[2025-03-17 16:53:35,151] WARNING Not Found: /recommend/rcm-hotel/
[2025-03-17 21:32:20,664] INFO Watching for file changes with StatReloader
[2025-03-17 21:32:29,519] WARNING Not Found: /
[2025-03-17 21:32:30,750] WARNING Not Found: /
[2025-03-17 21:32:30,842] WARNING Not Found: /favicon.ico
[2025-03-17 21:34:13,031] WARNING Not Found: /recommend/rcm-hotel/
[2025-03-17 21:38:27,617] INFO D:\FinTrip\Recommand\FinTrip\FinTrip\Recommend\views.py changed, reloading.
[2025-03-17 21:38:28,833] INFO Watching for file changes with StatReloader
[2025-03-17 21:39:41,346] INFO D:\FinTrip\Recommand\FinTrip\FinTrip\Recommend\hotel.py changed, reloading.
[2025-03-17 21:39:42,151] INFO Watching for file changes with StatReloader
[2025-03-17 21:41:12,118] INFO Watching for file changes with StatReloader
[2025-03-17 21:41:18,266] WARNING Not Found: /recommend/rcm-hotel/
[2025-03-17 22:13:28,119] INFO Watching for file changes with StatReloader
[2025-03-17 22:14:00,937] WARNING Not Found: /recommend/rcm-hotel/
[2025-03-17 22:14:06,800] WARNING Not Found: /recommend/rcm-hotel/
[2025-03-17 22:14:22,372] WARNING Not Found: /recommend/rcm-hotel/
[2025-03-17 22:16:09,812] INFO D:\FinTrip\Recommand\FinTrip\FinTrip\Recommend\views.py changed, reloading.
[2025-03-17 22:16:10,507] INFO Watching for file changes with StatReloader
[2025-03-17 22:16:46,218] INFO D:\FinTrip\Recommand\FinTrip\FinTrip\Recommend\hotel.py changed, reloading.
[2025-03-17 22:16:46,819] INFO Watching for file changes with StatReloader
[2025-03-17 22:16:58,964] WARNING Bad Request: /recommend/rcm-hotel/
[2025-03-17 22:17:08,687] WARNING Bad Request: /recommend/rcm-hotel/
[2025-03-17 22:18:10,464] ERROR Internal Server Error: /recommend/rcm-hotel/
[2025-03-17 22:18:20,117] WARNING Bad Request: /recommend/rcm-hotel/
[2025-03-17 22:18:39,151] ERROR Internal Server Error: /recommend/rcm-hotel/
[2025-03-17 22:19:52,359] INFO D:\FinTrip\Recommand\FinTrip\FinTrip\Recommend\hotel.py changed, reloading.
[2025-03-17 22:19:52,956] INFO Watching for file changes with StatReloader
[2025-03-17 22:20:02,024] INFO D:\FinTrip\Recommand\FinTrip\FinTrip\Recommend\views.py changed, reloading.
[2025-03-17 22:20:02,618] INFO Watching for file changes with StatReloader
[2025-03-17 22:20:04,975] ERROR Internal Server Error: /recommend/rcm-hotel/
[2025-03-17 22:20:07,048] ERROR Internal Server Error: /recommend/rcm-hotel/
[2025-03-17 22:20:07,965] ERROR Internal Server Error: /recommend/rcm-hotel/
[2025-03-17 22:20:09,183] ERROR Internal Server Error: /recommend/rcm-hotel/
[2025-03-17 22:20:10,304] ERROR Internal Server Error: /recommend/rcm-hotel/
[2025-03-17 22:20:11,306] ERROR Internal Server Error: /recommend/rcm-hotel/
[2025-03-17 22:22:04,478] INFO D:\FinTrip\Recommand\FinTrip\FinTrip\Recommend\hotel.py changed, reloading.
[2025-03-17 22:22:05,227] INFO Watching for file changes with StatReloader
[2025-03-17 22:22:19,720] INFO D:\FinTrip\Recommand\FinTrip\FinTrip\Recommend\views.py changed, reloading.
[2025-03-17 22:22:20,359] INFO Watching for file changes with StatReloader
[2025-03-17 22:22:24,704] WARNING Bad Request: /recommend/rcm-hotel/
[2025-03-17 22:22:26,228] WARNING Bad Request: /recommend/rcm-hotel/
[2025-03-17 22:22:45,764] WARNING Not Found: /recommend/rcm-hotel/
[2025-03-17 22:22:55,769] WARNING Not Found: /recommend/rcm-hotel/
[2025-03-18 13:09:29,344] INFO Watching for file changes with StatReloader
[2025-03-18 13:09:36,601] WARNING Not Found: /
[2025-03-18 13:09:37,760] WARNING Not Found: /
[2025-03-18 13:09:37,859] WARNING Not Found: /favicon.ico
[2025-03-18 13:35:56,633] INFO D:\FinTrip\Recommand\FinTrip\FinTrip\FinTrip\settings.py changed, reloading.
[2025-03-18 13:35:57,998] INFO Watching for file changes with StatReloader
[2025-03-18 13:37:45,431] INFO D:\FinTrip\Recommand\FinTrip\FinTrip\Recommend\processed.py changed, reloading.
[2025-03-18 13:37:46,391] INFO Watching for file changes with StatReloader
[2025-03-18 13:49:33,783] INFO D:\FinTrip\Recommand\FinTrip\FinTrip\FinTrip\settings.py changed, reloading.
[2025-03-18 13:49:34,586] INFO Watching for file changes with StatReloader
[2025-03-18 13:50:34,516] INFO D:\FinTrip\Recommand\FinTrip\FinTrip\FinTrip\settings.py changed, reloading.
[2025-03-18 13:50:35,027] INFO Watching for file changes with StatReloader
[2025-03-18 13:51:16,267] INFO Watching for file changes with StatReloader
[2025-03-18 13:52:11,856] INFO Watching for file changes with StatReloader
[2025-03-18 13:52:53,851] INFO Watching for file changes with StatReloader
[2025-03-18 13:53:25,402] INFO D:\FinTrip\Recommand\FinTrip\FinTrip\FinTrip\settings.py changed, reloading.
[2025-03-18 13:53:25,841] INFO Watching for file changes with StatReloader
[2025-03-18 13:53:49,307] INFO D:\FinTrip\Recommand\FinTrip\FinTrip\FinTrip\settings.py changed, reloading.
[2025-03-18 13:53:49,745] INFO Watching for file changes with StatReloader
[2025-03-18 13:54:04,119] INFO D:\FinTrip\Recommand\FinTrip\FinTrip\FinTrip\settings.py changed, reloading.
[2025-03-18 13:54:04,590] INFO Watching for file changes with StatReloader
[2025-03-18 13:56:41,555] INFO D:\FinTrip\Recommand\FinTrip\FinTrip\FinTrip\settings.py changed, reloading.
[2025-03-18 13:56:42,014] INFO Watching for file changes with StatReloader
[2025-03-18 13:57:28,013] INFO Watching for file changes with StatReloader
[2025-03-18 13:59:31,890] INFO Watching for file changes with StatReloader
[2025-03-18 14:00:23,708] INFO Watching for file changes with StatReloader
[2025-03-18 14:04:14,467] INFO Watching for file changes with StatReloader
[2025-03-18 14:04:25,073] INFO Watching for file changes with StatReloader
[2025-03-18 14:05:32,691] INFO Watching for file changes with StatReloader
[2025-03-18 14:07:36,383] INFO Watching for file changes with StatReloader
[2025-03-18 14:09:30,468] INFO Watching for file changes with StatReloader
[2025-03-18 14:10:44,187] INFO Watching for file changes with StatReloader
[2025-03-18 14:18:14,764] INFO Watching for file changes with StatReloader
[2025-03-18 14:18:48,353] INFO D:\FinTrip\Recommand\FinTrip\FinTrip\FinTrip\settings.py changed, reloading.
[2025-03-18 14:18:48,775] INFO Watching for file changes with StatReloader
[2025-03-18 14:19:17,317] INFO D:\FinTrip\Recommand\FinTrip\FinTrip\FinTrip\settings.py changed, reloading.
[2025-03-18 14:19:17,791] INFO Watching for file changes with StatReloader
[2025-03-18 14:20:17,628] INFO Watching for file changes with StatReloader
[2025-03-18 14:22:23,064] INFO Watching for file changes with StatReloader
[2025-03-18 14:23:22,928] INFO D:\FinTrip\Recommand\FinTrip\FinTrip\FinTrip\settings.py changed, reloading.
[2025-03-18 14:23:23,430] INFO Watching for file changes with StatReloader
[2025-03-18 15:27:51,070] INFO Watching for file changes with StatReloader
[2025-03-18 16:07:47,795] INFO Watching for file changes with StatReloader
[2025-03-18 16:07:53,395] WARNING Method Not Allowed (GET): /recommend/rcm-travel/
[2025-03-18 16:08:29,646] ERROR Internal Server Error: /recommend/rcm-travel/
[2025-03-18 16:08:56,346] INFO D:\FinTrip\Recommand\FinTrip\FinTrip\Recommend\processed.py changed, reloading.
[2025-03-18 16:08:57,110] INFO Watching for file changes with StatReloader
[2025-03-18 16:09:17,078] INFO D:\FinTrip\Recommand\FinTrip\FinTrip\Recommend\processed.py changed, reloading.
[2025-03-18 16:09:17,807] INFO Watching for file changes with StatReloader
[2025-03-18 16:09:20,981] ERROR Internal Server Error: /recommend/rcm-travel/
[2025-03-18 16:09:44,162] ERROR Internal Server Error: /recommend/rcm-travel/
[2025-03-18 16:11:24,694] INFO D:\FinTrip\Recommand\FinTrip\FinTrip\Recommend\processed.py changed, reloading.
[2025-03-18 16:11:25,321] INFO Watching for file changes with StatReloader
[2025-03-18 16:11:45,413] INFO D:\FinTrip\Recommand\FinTrip\FinTrip\Recommend\views.py changed, reloading.
[2025-03-18 16:11:46,176] INFO Watching for file changes with StatReloader
[2025-03-18 16:11:48,323] ERROR Internal Server Error: /recommend/rcm-travel/
[2025-03-18 16:12:31,609] INFO D:\FinTrip\Recommand\FinTrip\FinTrip\Recommend\views.py changed, reloading.
[2025-03-18 16:12:32,266] INFO Watching for file changes with StatReloader
[2025-03-18 16:12:36,026] ERROR Internal Server Error: /recommend/rcm-travel/
[2025-03-18 16:17:50,806] INFO D:\FinTrip\Recommand\FinTrip\FinTrip\Recommend\processed.py changed, reloading.
[2025-03-18 16:17:51,517] INFO Watching for file changes with StatReloader
[2025-03-18 16:18:11,309] INFO D:\FinTrip\Recommand\FinTrip\FinTrip\Recommend\views.py changed, reloading.
[2025-03-18 16:18:11,944] INFO Watching for file changes with StatReloader
[2025-03-18 16:18:27,330] INFO D:\FinTrip\Recommand\FinTrip\FinTrip\Recommend\views.py changed, reloading.
[2025-03-18 16:18:27,939] INFO Watching for file changes with StatReloader
[2025-03-18 16:18:31,388] ERROR Internal Server Error: /recommend/rcm-travel/
[2025-03-18 16:23:35,426] INFO D:\FinTrip\Recommand\FinTrip\FinTrip\Recommend\views.py changed, reloading.
[2025-03-18 16:23:36,184] INFO Watching for file changes with StatReloader
[2025-03-18 16:23:41,342] INFO D:\FinTrip\Recommand\FinTrip\FinTrip\Recommend\processed.py changed, reloading.
[2025-03-18 16:23:42,013] INFO Watching for file changes with StatReloader
[2025-03-18 16:24:04,906] ERROR Internal Server Error: /recommend/rcm-travel/
[2025-03-18 16:24:18,195] INFO D:\FinTrip\Recommand\FinTrip\FinTrip\Recommend\processed.py changed, reloading.
[2025-03-18 16:24:18,876] INFO Watching for file changes with StatReloader
[2025-03-18 16:30:03,101] INFO D:\FinTrip\Recommand\FinTrip\FinTrip\Recommend\processed.py changed, reloading.
[2025-03-18 16:30:03,819] INFO Watching for file changes with StatReloader
[2025-03-18 16:30:15,255] INFO D:\FinTrip\Recommand\FinTrip\FinTrip\Recommend\views.py changed, reloading.
[2025-03-18 16:30:15,960] INFO Watching for file changes with StatReloader
[2025-03-18 16:30:20,479] ERROR Internal Server Error: /recommend/rcm-travel/
[2025-03-18 16:30:59,726] INFO D:\FinTrip\Recommand\FinTrip\FinTrip\Recommend\processed.py changed, reloading.
[2025-03-18 16:31:00,423] INFO Watching for file changes with StatReloader
[2025-03-18 16:37:22,397] INFO D:\FinTrip\Recommand\FinTrip\FinTrip\Recommend\processed.py changed, reloading.
[2025-03-18 16:37:23,133] INFO Watching for file changes with StatReloader
[2025-03-18 16:37:53,428] INFO D:\FinTrip\Recommand\FinTrip\FinTrip\Recommend\views.py changed, reloading.
[2025-03-18 16:37:55,769] INFO Watching for file changes with StatReloader
[2025-03-18 16:44:07,491] INFO D:\FinTrip\Recommand\FinTrip\FinTrip\Recommend\processed.py changed, reloading.
[2025-03-18 16:44:08,176] INFO Watching for file changes with StatReloader
[2025-03-18 16:44:27,986] INFO D:\FinTrip\Recommand\FinTrip\FinTrip\Recommend\views.py changed, reloading.
[2025-03-18 16:44:28,601] INFO Watching for file changes with StatReloader
[2025-03-18 16:44:30,661] ERROR Internal Server Error: /recommend/rcm-travel/
[2025-03-18 16:45:48,810] INFO D:\FinTrip\Recommand\FinTrip\FinTrip\Recommend\views.py changed, reloading.
[2025-03-18 16:45:49,519] INFO Watching for file changes with StatReloader
[2025-03-18 16:46:00,945] INFO D:\FinTrip\Recommand\FinTrip\FinTrip\Recommend\views.py changed, reloading.
[2025-03-18 16:46:01,591] INFO Watching for file changes with StatReloader
[2025-03-18 20:22:17,754] INFO Watching for file changes with StatReloader
[2025-03-18 20:22:59,164] INFO Watching for file changes with StatReloader
[2025-03-18 20:31:38,524] INFO D:\FinTrip\Recommand\FinTrip\FinTrip\Recommend\processed.py changed, reloading.
[2025-03-18 20:31:39,387] INFO Watching for file changes with StatReloader
[2025-03-18 20:32:48,556] INFO D:\FinTrip\Recommand\FinTrip\FinTrip\Recommend\views.py changed, reloading.
[2025-03-18 20:32:49,299] INFO Watching for file changes with StatReloader
[2025-03-18 20:40:37,600] INFO D:\FinTrip\Recommand\FinTrip\FinTrip\Recommend\processed.py changed, reloading.
[2025-03-18 20:40:38,306] INFO Watching for file changes with StatReloader
[2025-03-18 20:41:09,819] INFO D:\FinTrip\Recommand\FinTrip\FinTrip\Recommend\views.py changed, reloading.
[2025-03-18 20:41:10,458] INFO Watching for file changes with StatReloader
[2025-03-18 20:44:49,082] INFO D:\FinTrip\Recommand\FinTrip\FinTrip\Recommend\processed.py changed, reloading.
[2025-03-18 20:44:49,911] INFO Watching for file changes with StatReloader
[2025-03-18 20:45:50,330] INFO D:\FinTrip\Recommand\FinTrip\FinTrip\Recommend\views.py changed, reloading.
[2025-03-18 20:45:51,015] INFO Watching for file changes with StatReloader
[2025-03-18 20:47:23,106] INFO Watching for file changes with StatReloader
[2025-03-18 20:51:15,793] INFO D:\FinTrip\Recommand\FinTrip\FinTrip\Recommend\processed.py changed, reloading.
[2025-03-18 20:51:16,459] INFO Watching for file changes with StatReloader
[2025-03-18 20:55:34,974] INFO D:\FinTrip\Recommand\FinTrip\FinTrip\Recommend\views.py changed, reloading.
[2025-03-18 20:55:35,869] INFO Watching for file changes with StatReloader
[2025-03-18 21:53:26,765] INFO Watching for file changes with StatReloader
[2025-03-18 21:53:32,922] WARNING Not Found: /
[2025-03-18 21:53:34,050] WARNING Not Found: /
[2025-03-18 21:53:34,140] WARNING Not Found: /favicon.ico
[2025-03-18 21:53:37,943] WARNING Not Found: /recommend
[2025-03-18 21:53:38,162] WARNING Not Found: /recommend
[2025-03-19 13:42:55,664] INFO Watching for file changes with StatReloader
[2025-03-19 13:43:26,577] WARNING Bad Request: /recommend/rcm-hotel/
[2025-03-19 13:44:27,580] WARNING Not Found: /recommend/rcm-travel-schedule/
[2025-03-19 13:44:48,793] INFO D:\FinTrip\Recommand\FinTrip\FinTrip\Recommend\views.py changed, reloading.
[2025-03-19 13:44:49,558] INFO Watching for file changes with StatReloader
[2025-03-19 13:44:51,774] WARNING Not Found: /recommend/rcm-travel-schedule/
[2025-03-19 13:45:10,113] WARNING Bad Request: /recommend/travel-schedule/
[2025-03-19 13:46:47,269] INFO Watching for file changes with StatReloader
[2025-03-19 13:46:50,446] WARNING Bad Request: /recommend/rcm-hotel/
[2025-03-19 13:47:47,407] WARNING Bad Request: /recommend/travel-schedule/
[2025-03-19 13:49:16,189] WARNING Bad Request: /recommend/rcm-hotel/
[2025-03-19 13:49:42,750] DEBUG Starting new HTTPS connection (1): test.api.amadeus.com:443
[2025-03-19 13:49:43,715] DEBUG https://test.api.amadeus.com:443 "POST /v1/security/oauth2/token HTTP/1.1" 200 409
[2025-03-19 13:49:43,715] DEBUG Starting new HTTPS connection (1): test.api.amadeus.com:443
[2025-03-19 13:49:46,097] DEBUG https://test.api.amadeus.com:443 "GET /v2/shopping/flight-offers?originLocationCode=VCL&destinationLocationCode=HAN&departureDate=2025-04-04&adults=1&max=5 HTTP/1.1" 200 None
[2025-03-19 13:49:54,560] DEBUG Starting new HTTPS connection (1): test.api.amadeus.com:443
[2025-03-19 13:49:55,642] DEBUG https://test.api.amadeus.com:443 "POST /v1/security/oauth2/token HTTP/1.1" 200 409
[2025-03-19 13:49:55,643] DEBUG Starting new HTTPS connection (1): test.api.amadeus.com:443
[2025-03-19 13:49:57,911] DEBUG https://test.api.amadeus.com:443 "GET /v2/shopping/flight-offers?originLocationCode=VCL&destinationLocationCode=HAN&departureDate=2025-04-04&adults=1&max=5 HTTP/1.1" 200 None
[2025-03-19 13:51:32,518] INFO D:\FinTrip\Recommand\FinTrip\FinTrip\Recommend\views.py changed, reloading.
[2025-03-19 13:51:33,173] INFO Watching for file changes with StatReloader
[2025-03-19 13:51:36,679] WARNING Bad Request: /recommend/travel-schedule/
[2025-03-19 13:52:15,520] INFO D:\FinTrip\Recommand\FinTrip\FinTrip\Recommend\views.py changed, reloading.
[2025-03-19 13:52:16,264] INFO Watching for file changes with StatReloader
[2025-03-19 15:48:26,992] INFO Watching for file changes with StatReloader
[2025-03-19 15:49:07,355] INFO Watching for file changes with StatReloader
[2025-03-19 15:55:22,663] INFO Watching for file changes with StatReloader
[2025-03-19 15:55:55,519] DEBUG Starting new HTTPS connection (1): test.api.amadeus.com:443
[2025-03-19 15:55:56,509] DEBUG https://test.api.amadeus.com:443 "POST /v1/security/oauth2/token HTTP/1.1" 200 409
[2025-03-19 15:55:56,514] DEBUG Starting new HTTPS connection (1): test.api.amadeus.com:443
[2025-03-19 15:55:58,781] DEBUG https://test.api.amadeus.com:443 "GET /v2/shopping/flight-offers?originLocationCode=VCL&destinationLocationCode=HAN&departureDate=2025-04-04&adults=1&max=5 HTTP/1.1" 200 None
[2025-03-19 20:27:42,158] INFO Watching for file changes with StatReloader
[2025-03-19 20:55:31,320] WARNING Bad Request: /recommend/travel-schedule/
[2025-03-19 21:20:11,200] WARNING Bad Request: /recommend/travel-schedule/
[2025-03-19 21:20:12,646] WARNING Bad Request: /recommend/travel-schedule/
[2025-03-19 21:20:26,957] INFO Watching for file changes with StatReloader
[2025-03-19 21:31:54,760] DEBUG Starting new HTTPS connection (1): test.api.amadeus.com:443
[2025-03-19 21:31:56,202] DEBUG https://test.api.amadeus.com:443 "POST /v1/security/oauth2/token HTTP/1.1" 200 409
[2025-03-19 21:31:56,208] DEBUG Starting new HTTPS connection (1): test.api.amadeus.com:443
[2025-03-19 21:31:58,315] DEBUG https://test.api.amadeus.com:443 "GET /v2/shopping/flight-offers?originLocationCode=VCL&destinationLocationCode=HAN&departureDate=2025-04-04&adults=1&max=5 HTTP/1.1" 200 None
[2025-03-19 21:38:48,337] DEBUG Starting new HTTPS connection (1): test.api.amadeus.com:443
[2025-03-19 21:38:49,641] DEBUG Starting new HTTPS connection (1): test.api.amadeus.com:443
[2025-03-19 21:38:49,714] DEBUG https://test.api.amadeus.com:443 "POST /v1/security/oauth2/token HTTP/1.1" 200 409
[2025-03-19 21:38:49,716] DEBUG Starting new HTTPS connection (1): test.api.amadeus.com:443
[2025-03-19 21:38:50,593] DEBUG https://test.api.amadeus.com:443 "POST /v1/security/oauth2/token HTTP/1.1" 200 409
[2025-03-19 21:38:50,595] DEBUG Starting new HTTPS connection (1): test.api.amadeus.com:443
[2025-03-19 21:38:51,656] DEBUG Starting new HTTPS connection (1): test.api.amadeus.com:443
[2025-03-19 21:38:52,602] DEBUG https://test.api.amadeus.com:443 "POST /v1/security/oauth2/token HTTP/1.1" 200 409
[2025-03-19 21:38:52,604] DEBUG Starting new HTTPS connection (1): test.api.amadeus.com:443
[2025-03-19 21:38:52,752] DEBUG https://test.api.amadeus.com:443 "GET /v2/shopping/flight-offers?originLocationCode=VCL&destinationLocationCode=HAN&departureDate=2025-03-21&adults=1&max=5 HTTP/1.1" 200 None
[2025-03-19 21:38:53,387] DEBUG https://test.api.amadeus.com:443 "GET /v2/shopping/flight-offers?originLocationCode=VCL&destinationLocationCode=HAN&departureDate=2025-03-21&adults=1&max=5 HTTP/1.1" 200 None
[2025-03-19 21:38:55,158] DEBUG https://test.api.amadeus.com:443 "GET /v2/shopping/flight-offers?originLocationCode=VCL&destinationLocationCode=HAN&departureDate=2025-03-21&adults=1&max=5 HTTP/1.1" 200 None
[2025-03-19 21:46:05,375] DEBUG Starting new HTTPS connection (1): test.api.amadeus.com:443
[2025-03-19 21:46:06,873] DEBUG https://test.api.amadeus.com:443 "POST /v1/security/oauth2/token HTTP/1.1" 200 409
[2025-03-19 21:46:06,874] ERROR Internal Server Error: /recommend/rcm-flight/
[2025-03-19 21:46:07,529] DEBUG Starting new HTTPS connection (1): test.api.amadeus.com:443
[2025-03-19 21:46:08,450] DEBUG https://test.api.amadeus.com:443 "POST /v1/security/oauth2/token HTTP/1.1" 200 409
[2025-03-19 21:46:08,451] ERROR Internal Server Error: /recommend/rcm-flight/
[2025-03-19 21:46:11,454] DEBUG Starting new HTTPS connection (1): test.api.amadeus.com:443
[2025-03-19 21:46:12,513] DEBUG https://test.api.amadeus.com:443 "POST /v1/security/oauth2/token HTTP/1.1" 200 409
[2025-03-19 21:46:12,515] ERROR Internal Server Error: /recommend/rcm-flight/
[2025-03-19 21:52:32,354] INFO Watching for file changes with StatReloader
[2025-03-19 21:52:43,424] DEBUG Starting new HTTPS connection (1): test.api.amadeus.com:443
[2025-03-19 21:52:44,896] DEBUG https://test.api.amadeus.com:443 "POST /v1/security/oauth2/token HTTP/1.1" 200 406
[2025-03-19 21:52:44,898] DEBUG Starting new HTTPS connection (1): test.api.amadeus.com:443
[2025-03-19 21:52:47,195] DEBUG https://test.api.amadeus.com:443 "GET /v2/shopping/flight-offers?originLocationCode=VCL&destinationLocationCode=HAN&departureDate=2025-04-04&adults=1&max=5 HTTP/1.1" 200 None
[2025-03-19 21:53:18,121] DEBUG Starting new HTTPS connection (1): test.api.amadeus.com:443
[2025-03-19 21:53:19,103] DEBUG https://test.api.amadeus.com:443 "POST /v1/security/oauth2/token HTTP/1.1" 200 406
[2025-03-19 21:53:19,106] DEBUG Starting new HTTPS connection (1): test.api.amadeus.com:443
[2025-03-19 21:53:21,580] DEBUG https://test.api.amadeus.com:443 "GET /v2/shopping/flight-offers?originLocationCode=DAD&destinationLocationCode=SGN&departureDate=2025-04-04&adults=1&max=5 HTTP/1.1" 200 None
[2025-03-19 21:53:57,111] DEBUG Starting new HTTPS connection (1): test.api.amadeus.com:443
[2025-03-19 21:53:58,393] DEBUG Starting new HTTPS connection (1): test.api.amadeus.com:443
[2025-03-19 21:53:58,609] DEBUG https://test.api.amadeus.com:443 "POST /v1/security/oauth2/token HTTP/1.1" 200 406
[2025-03-19 21:53:58,615] DEBUG Starting new HTTPS connection (1): test.api.amadeus.com:443
[2025-03-19 21:53:58,711] DEBUG Starting new HTTPS connection (1): test.api.amadeus.com:443
[2025-03-19 21:53:59,346] DEBUG https://test.api.amadeus.com:443 "POST /v1/security/oauth2/token HTTP/1.1" 200 406
[2025-03-19 21:53:59,346] DEBUG Starting new HTTPS connection (1): test.api.amadeus.com:443
[2025-03-19 21:53:59,634] DEBUG https://test.api.amadeus.com:443 "POST /v1/security/oauth2/token HTTP/1.1" 200 406
[2025-03-19 21:53:59,634] DEBUG Starting new HTTPS connection (1): test.api.amadeus.com:443
[2025-03-19 21:54:00,851] DEBUG https://test.api.amadeus.com:443 "GET /v2/shopping/flight-offers?originLocationCode=HAN&destinationLocationCode=DAD&departureDate=2025-03-22&adults=1&max=5 HTTP/1.1" 200 None
[2025-03-19 21:54:01,800] DEBUG https://test.api.amadeus.com:443 "GET /v2/shopping/flight-offers?originLocationCode=HAN&destinationLocationCode=DAD&departureDate=2025-03-22&adults=1&max=5 HTTP/1.1" 200 None
[2025-03-19 21:54:02,454] DEBUG https://test.api.amadeus.com:443 "GET /v2/shopping/flight-offers?originLocationCode=HAN&destinationLocationCode=DAD&departureDate=2025-03-22&adults=1&max=5 HTTP/1.1" 200 None
[2025-03-19 22:03:18,203] DEBUG Starting new HTTPS connection (1): test.api.amadeus.com:443
[2025-03-19 22:03:19,367] DEBUG https://test.api.amadeus.com:443 "POST /v1/security/oauth2/token HTTP/1.1" 200 406
[2025-03-19 22:03:19,367] DEBUG Starting new HTTPS connection (1): test.api.amadeus.com:443
[2025-03-19 22:03:21,661] DEBUG https://test.api.amadeus.com:443 "GET /v2/shopping/flight-offers?originLocationCode=HAN&destinationLocationCode=DAD&departureDate=2025-03-21&adults=1&max=5 HTTP/1.1" 200 None
[2025-03-19 22:03:21,668] WARNING Bad Request: /recommend/rcm-hotel/
[2025-03-19 22:03:55,672] INFO D:\FinTrip\Recommand\FinTrip\FinTrip\Recommend\views.py changed, reloading.
[2025-03-19 22:03:56,405] INFO Watching for file changes with StatReloader
[2025-03-19 22:04:11,573] DEBUG Starting new HTTPS connection (1): test.api.amadeus.com:443
[2025-03-19 22:04:12,540] DEBUG https://test.api.amadeus.com:443 "POST /v1/security/oauth2/token HTTP/1.1" 200 406
[2025-03-19 22:04:12,540] ERROR Internal Server Error: /recommend/rcm-flight/
[2025-03-19 22:04:43,622] DEBUG Starting new HTTPS connection (1): test.api.amadeus.com:443
[2025-03-19 22:04:45,174] DEBUG https://test.api.amadeus.com:443 "POST /v1/security/oauth2/token HTTP/1.1" 200 406
[2025-03-19 22:04:45,174] DEBUG Starting new HTTPS connection (1): test.api.amadeus.com:443
[2025-03-19 22:04:47,369] DEBUG https://test.api.amadeus.com:443 "GET /v2/shopping/flight-offers?originLocationCode=HAN&destinationLocationCode=DAD&departureDate=2025-03-22&adults=1&max=5 HTTP/1.1" 200 None
[2025-03-19 22:10:12,646] DEBUG Starting new HTTPS connection (1): test.api.amadeus.com:443
[2025-03-19 22:10:14,093] DEBUG https://test.api.amadeus.com:443 "POST /v1/security/oauth2/token HTTP/1.1" 200 406
[2025-03-19 22:10:14,093] DEBUG Starting new HTTPS connection (1): test.api.amadeus.com:443
[2025-03-19 22:10:16,282] DEBUG https://test.api.amadeus.com:443 "GET /v2/shopping/flight-offers?originLocationCode=HAN&destinationLocationCode=DAD&departureDate=2025-03-22&adults=1&max=5 HTTP/1.1" 200 None
[2025-03-19 22:16:05,310] INFO D:\FinTrip\Recommand\FinTrip\FinTrip\Recommend\views.py changed, reloading.
[2025-03-19 22:16:06,232] INFO Watching for file changes with StatReloader
[2025-03-19 22:16:30,536] INFO D:\FinTrip\Recommand\FinTrip\FinTrip\Recommend\views.py changed, reloading.
[2025-03-19 22:16:31,030] INFO Watching for file changes with StatReloader
[2025-03-19 22:17:05,940] DEBUG Starting new HTTPS connection (1): test.api.amadeus.com:443
[2025-03-19 22:17:07,176] DEBUG https://test.api.amadeus.com:443 "POST /v1/security/oauth2/token HTTP/1.1" 200 406
[2025-03-19 22:17:07,180] DEBUG Starting new HTTPS connection (1): test.api.amadeus.com:443
[2025-03-19 22:17:09,444] DEBUG https://test.api.amadeus.com:443 "GET /v2/shopping/flight-offers?originLocationCode=HAN&destinationLocationCode=DAD&departureDate=2025-03-22&adults=1&max=5 HTTP/1.1" 200 None
[2025-03-19 22:23:04,653] DEBUG Starting new HTTPS connection (1): test.api.amadeus.com:443
[2025-03-19 22:23:06,005] DEBUG https://test.api.amadeus.com:443 "POST /v1/security/oauth2/token HTTP/1.1" 200 406
[2025-03-19 22:23:06,005] DEBUG Starting new HTTPS connection (1): test.api.amadeus.com:443
[2025-03-19 22:23:08,267] DEBUG https://test.api.amadeus.com:443 "GET /v2/shopping/flight-offers?originLocationCode=HAN&destinationLocationCode=DAD&departureDate=2025-03-29&adults=1&max=5 HTTP/1.1" 200 None
[2025-03-20 13:07:13,549] INFO Watching for file changes with StatReloader
[2025-03-20 13:07:53,510] DEBUG Starting new HTTPS connection (1): test.api.amadeus.com:443
[2025-03-20 13:07:54,708] DEBUG https://test.api.amadeus.com:443 "POST /v1/security/oauth2/token HTTP/1.1" 200 406
[2025-03-20 13:07:54,714] DEBUG Starting new HTTPS connection (1): test.api.amadeus.com:443
[2025-03-20 13:07:57,153] DEBUG https://test.api.amadeus.com:443 "GET /v2/shopping/flight-offers?originLocationCode=HAN&destinationLocationCode=DAD&departureDate=2025-03-22&adults=1&max=5 HTTP/1.1" 200 None
[2025-03-20 13:08:22,597] DEBUG Starting new HTTPS connection (1): test.api.amadeus.com:443
[2025-03-20 13:08:23,902] DEBUG https://test.api.amadeus.com:443 "POST /v1/security/oauth2/token HTTP/1.1" 200 406
[2025-03-20 13:08:23,903] ERROR Internal Server Error: /recommend/rcm-flight/
[2025-03-20 13:08:23,957] WARNING Not Found: /recommend/rcm-hotel/
[2025-03-20 13:08:45,763] DEBUG Starting new HTTPS connection (1): test.api.amadeus.com:443
[2025-03-20 13:08:47,439] DEBUG https://test.api.amadeus.com:443 "POST /v1/security/oauth2/token HTTP/1.1" 200 406
[2025-03-20 13:08:47,441] ERROR Internal Server Error: /recommend/rcm-flight/
[2025-03-20 13:08:47,486] WARNING Not Found: /recommend/rcm-hotel/
[2025-03-20 13:09:03,747] DEBUG Starting new HTTPS connection (1): test.api.amadeus.com:443
[2025-03-20 13:09:05,017] DEBUG https://test.api.amadeus.com:443 "POST /v1/security/oauth2/token HTTP/1.1" 200 406
[2025-03-20 13:09:05,019] ERROR Internal Server Error: /recommend/rcm-flight/
[2025-03-20 13:10:56,462] DEBUG Starting new HTTPS connection (1): test.api.amadeus.com:443
[2025-03-20 13:10:57,836] DEBUG https://test.api.amadeus.com:443 "POST /v1/security/oauth2/token HTTP/1.1" 200 406
[2025-03-20 13:10:57,837] ERROR Internal Server Error: /recommend/rcm-flight/
[2025-03-20 13:21:04,389] WARNING Bad Request: /recommend/rcm-hotel/
[2025-03-20 13:21:17,539] WARNING Bad Request: /recommend/rcm-hotel/
[2025-03-20 13:21:50,764] DEBUG Starting new HTTPS connection (1): test.api.amadeus.com:443
[2025-03-20 13:21:52,072] DEBUG https://test.api.amadeus.com:443 "POST /v1/security/oauth2/token HTTP/1.1" 200 406
[2025-03-20 13:21:52,074] DEBUG Starting new HTTPS connection (1): test.api.amadeus.com:443
[2025-03-20 13:21:54,388] DEBUG https://test.api.amadeus.com:443 "GET /v2/shopping/flight-offers?originLocationCode=DAD&destinationLocationCode=SGN&departureDate=2025-04-04&adults=1&max=5 HTTP/1.1" 200 None
[2025-03-20 13:22:39,830] WARNING Bad Request: /recommend/rcm-hotel/
[2025-03-20 13:23:43,910] WARNING Bad Request: /recommend/rcm-flight/
[2025-03-20 13:24:56,414] DEBUG Starting new HTTPS connection (1): test.api.amadeus.com:443
[2025-03-20 13:24:57,758] DEBUG https://test.api.amadeus.com:443 "POST /v1/security/oauth2/token HTTP/1.1" 200 406
[2025-03-20 13:24:57,759] ERROR Internal Server Error: /recommend/rcm-flight/
[2025-03-20 13:27:26,966] DEBUG Starting new HTTPS connection (1): test.api.amadeus.com:443
[2025-03-20 13:27:28,376] DEBUG https://test.api.amadeus.com:443 "POST /v1/security/oauth2/token HTTP/1.1" 200 406
[2025-03-20 13:27:28,378] ERROR Internal Server Error: /recommend/rcm-flight/
[2025-03-20 13:27:28,425] WARNING Not Found: /recommend/rcm-hotel/
[2025-03-20 13:27:36,977] DEBUG Starting new HTTPS connection (1): test.api.amadeus.com:443
[2025-03-20 13:27:38,416] DEBUG https://test.api.amadeus.com:443 "POST /v1/security/oauth2/token HTTP/1.1" 200 406
[2025-03-20 13:27:38,417] ERROR Internal Server Error: /recommend/rcm-flight/
[2025-03-20 13:27:38,459] WARNING Not Found: /recommend/rcm-hotel/
[2025-03-20 13:27:49,609] DEBUG Starting new HTTPS connection (1): test.api.amadeus.com:443
[2025-03-20 13:27:50,977] DEBUG https://test.api.amadeus.com:443 "POST /v1/security/oauth2/token HTTP/1.1" 200 406
[2025-03-20 13:27:50,980] DEBUG Starting new HTTPS connection (1): test.api.amadeus.com:443
[2025-03-20 13:27:51,710] DEBUG Starting new HTTPS connection (1): test.api.amadeus.com:443
[2025-03-20 13:27:51,967] DEBUG Starting new HTTPS connection (1): test.api.amadeus.com:443
[2025-03-20 13:27:52,167] DEBUG Starting new HTTPS connection (1): test.api.amadeus.com:443
[2025-03-20 13:27:52,719] DEBUG https://test.api.amadeus.com:443 "POST /v1/security/oauth2/token HTTP/1.1" 200 406
[2025-03-20 13:27:52,721] DEBUG Starting new HTTPS connection (1): test.api.amadeus.com:443
[2025-03-20 13:27:53,007] DEBUG https://test.api.amadeus.com:443 "POST /v1/security/oauth2/token HTTP/1.1" 200 406
[2025-03-20 13:27:53,008] DEBUG Starting new HTTPS connection (1): test.api.amadeus.com:443
[2025-03-20 13:27:53,231] DEBUG https://test.api.amadeus.com:443 "POST /v1/security/oauth2/token HTTP/1.1" 200 406
[2025-03-20 13:27:53,233] DEBUG Starting new HTTPS connection (1): test.api.amadeus.com:443
[2025-03-20 13:27:53,623] DEBUG https://test.api.amadeus.com:443 "GET /v2/shopping/flight-offers?originLocationCode=HAN&destinationLocationCode=SGN&departureDate=2025-03-29&adults=1&max=5 HTTP/1.1" 200 None
[2025-03-20 13:27:55,288] DEBUG https://test.api.amadeus.com:443 "GET /v2/shopping/flight-offers?originLocationCode=HAN&destinationLocationCode=SGN&departureDate=2025-03-29&adults=1&max=5 HTTP/1.1" 200 None
[2025-03-20 13:27:55,489] DEBUG https://test.api.amadeus.com:443 "GET /v2/shopping/flight-offers?originLocationCode=HAN&destinationLocationCode=SGN&departureDate=2025-03-29&adults=1&max=5 HTTP/1.1" 200 None
[2025-03-20 13:27:55,764] DEBUG https://test.api.amadeus.com:443 "GET /v2/shopping/flight-offers?originLocationCode=HAN&destinationLocationCode=SGN&departureDate=2025-03-29&adults=1&max=5 HTTP/1.1" 200 None
[2025-03-20 13:28:20,505] INFO D:\FinTrip\Recommand\FinTrip\FinTrip\Recommend\flight.py changed, reloading.
[2025-03-20 13:28:21,232] INFO Watching for file changes with StatReloader
[2025-03-20 13:28:26,233] DEBUG Starting new HTTPS connection (1): test.api.amadeus.com:443
[2025-03-20 13:28:27,415] DEBUG https://test.api.amadeus.com:443 "POST /v1/security/oauth2/token HTTP/1.1" 200 406
[2025-03-20 13:28:27,417] DEBUG Starting new HTTPS connection (1): test.api.amadeus.com:443
[2025-03-20 13:28:29,730] DEBUG https://test.api.amadeus.com:443 "GET /v2/shopping/flight-offers?originLocationCode=HAN&destinationLocationCode=SGN&departureDate=2025-03-29&adults=1&max=8 HTTP/1.1" 200 None
[2025-03-25 14:11:34,620] INFO Watching for file changes with StatReloader
[2025-03-25 14:12:21,719] INFO Watching for file changes with StatReloader
[2025-03-25 14:12:59,197] ERROR Internal Server Error: /recommend/search-province/
[2025-03-25 14:13:12,198] ERROR Internal Server Error: /recommend/search-province/
[2025-03-25 14:14:33,664] INFO D:\FinTrip\Recommand\FinTrip\FinTrip\Recommend\views.py changed, reloading.
[2025-03-25 14:14:34,543] INFO Watching for file changes with StatReloader
[2025-03-25 14:55:42,827] INFO Watching for file changes with StatReloader
[2025-03-25 14:55:49,358] DEBUG Starting new HTTPS connection (1): test.api.amadeus.com:443
[2025-03-25 14:55:50,256] DEBUG https://test.api.amadeus.com:443 "POST /v1/security/oauth2/token HTTP/1.1" 200 406
[2025-03-25 14:55:50,259] DEBUG Starting new HTTPS connection (1): test.api.amadeus.com:443
[2025-03-25 14:55:52,657] DEBUG https://test.api.amadeus.com:443 "GET /v2/shopping/flight-offers?originLocationCode=HAN&destinationLocationCode=DAD&departureDate=2025-03-29&adults=1&max=8 HTTP/1.1" 200 None
[2025-03-25 15:10:47,817] WARNING Bad Request: /recommend/search-province/
[2025-03-25 15:10:52,477] WARNING Bad Request: /recommend/search-province/
[2025-03-25 15:10:53,458] WARNING Bad Request: /recommend/search-province/
[2025-03-25 15:10:54,127] WARNING Bad Request: /recommend/search-province/
[2025-03-25 15:10:55,510] WARNING Bad Request: /recommend/search-province/
[2025-03-25 15:10:55,974] WARNING Bad Request: /recommend/search-province/
[2025-03-25 15:10:56,324] WARNING Bad Request: /recommend/search-province/
[2025-03-25 15:11:05,056] WARNING Bad Request: /recommend/search-province/
[2025-03-25 15:11:05,667] WARNING Bad Request: /recommend/search-province/
[2025-03-25 15:15:21,845] WARNING Bad Request: /recommend/rcm-flight/
[2025-03-25 15:28:18,272] DEBUG Starting new HTTPS connection (1): test.api.amadeus.com:443
[2025-03-25 15:28:19,522] DEBUG https://test.api.amadeus.com:443 "POST /v1/security/oauth2/token HTTP/1.1" 200 406
[2025-03-25 15:28:19,527] DEBUG Starting new HTTPS connection (1): test.api.amadeus.com:443
[2025-03-25 15:28:21,560] DEBUG https://test.api.amadeus.com:443 "GET /v2/shopping/flight-offers?originLocationCode=HAN&destinationLocationCode=DAD&departureDate=2025-03-29&adults=1&max=8 HTTP/1.1" 200 None
[2025-03-25 15:32:34,104] DEBUG Starting new HTTPS connection (1): test.api.amadeus.com:443
[2025-03-25 15:32:35,022] DEBUG https://test.api.amadeus.com:443 "POST /v1/security/oauth2/token HTTP/1.1" 200 406
[2025-03-25 15:32:35,025] DEBUG Starting new HTTPS connection (1): test.api.amadeus.com:443
[2025-03-25 15:32:37,211] DEBUG https://test.api.amadeus.com:443 "GET /v2/shopping/flight-offers?originLocationCode=HAN&destinationLocationCode=DAD&departureDate=2025-03-29&adults=1&max=8 HTTP/1.1" 200 None
[2025-03-25 16:07:31,528] DEBUG Starting new HTTPS connection (1): test.api.amadeus.com:443
[2025-03-25 16:07:32,437] DEBUG https://test.api.amadeus.com:443 "POST /v1/security/oauth2/token HTTP/1.1" 200 406
[2025-03-25 16:07:32,439] DEBUG Starting new HTTPS connection (1): test.api.amadeus.com:443
[2025-03-25 16:07:34,819] DEBUG https://test.api.amadeus.com:443 "GET /v2/shopping/flight-offers?originLocationCode=HAN&destinationLocationCode=DAD&departureDate=2025-03-29&adults=1&max=8 HTTP/1.1" 200 None
[2025-03-25 16:09:36,993] WARNING Method Not Allowed (GET): /recommend/search-province/
[2025-03-25 16:12:01,726] WARNING Method Not Allowed (GET): /recommend/search-province/
[2025-03-25 16:13:05,330] DEBUG Starting new HTTPS connection (1): test.api.amadeus.com:443
[2025-03-25 16:13:06,626] DEBUG https://test.api.amadeus.com:443 "POST /v1/security/oauth2/token HTTP/1.1" 200 406
[2025-03-25 16:13:06,626] DEBUG Starting new HTTPS connection (1): test.api.amadeus.com:443
[2025-03-25 16:13:08,769] DEBUG https://test.api.amadeus.com:443 "GET /v2/shopping/flight-offers?originLocationCode=HAN&destinationLocationCode=DAD&departureDate=2025-03-27&adults=1&max=8 HTTP/1.1" 200 None
[2025-03-25 20:38:00,130] INFO Watching for file changes with StatReloader
[2025-03-25 20:38:30,400] INFO Watching for file changes with StatReloader
[2025-03-25 20:48:58,265] INFO D:\FinTrip\Recommand\FinTrip\FinTrip\Recommend\processed.py changed, reloading.
[2025-03-25 20:48:58,989] INFO Watching for file changes with StatReloader
[2025-03-25 20:50:29,490] INFO D:\FinTrip\Recommand\FinTrip\FinTrip\Recommend\processed.py changed, reloading.
[2025-03-25 20:50:30,561] INFO Watching for file changes with StatReloader
[2025-03-25 20:52:25,190] INFO D:\FinTrip\Recommand\FinTrip\FinTrip\Recommend\processed.py changed, reloading.
[2025-03-25 20:52:25,867] INFO Watching for file changes with StatReloader
[2025-03-25 21:00:29,465] INFO D:\FinTrip\Recommand\FinTrip\FinTrip\Recommend\processed.py changed, reloading.
[2025-03-25 21:00:30,149] INFO Watching for file changes with StatReloader
[2025-03-25 21:08:16,380] INFO D:\FinTrip\Recommand\FinTrip\FinTrip\Recommend\processed.py changed, reloading.
[2025-03-25 21:08:17,019] INFO Watching for file changes with StatReloader
[2025-03-25 21:11:21,107] INFO D:\FinTrip\Recommand\FinTrip\FinTrip\Recommend\views.py changed, reloading.
[2025-03-25 21:11:22,045] INFO Watching for file changes with StatReloader
[2025-03-25 21:11:28,086] WARNING Bad Request: /recommend/travel-schedule/
[2025-03-25 21:13:46,468] INFO D:\FinTrip\Recommand\FinTrip\FinTrip\Recommend\views.py changed, reloading.
[2025-03-25 21:13:47,101] INFO Watching for file changes with StatReloader
[2025-03-25 21:13:50,961] WARNING Bad Request: /recommend/travel-schedule/
[2025-03-25 21:22:28,284] INFO D:\FinTrip\Recommand\FinTrip\FinTrip\Recommend\views.py changed, reloading.
[2025-03-25 21:22:28,925] INFO Watching for file changes with StatReloader
[2025-03-26 14:16:21,117] INFO Watching for file changes with StatReloader
[2025-03-26 14:17:16,521] DEBUG Starting new HTTPS connection (1): test.api.amadeus.com:443
[2025-03-26 14:17:18,093] DEBUG https://test.api.amadeus.com:443 "POST /v1/security/oauth2/token HTTP/1.1" 200 406
[2025-03-26 14:17:18,093] DEBUG Starting new HTTPS connection (1): test.api.amadeus.com:443
[2025-03-26 14:17:20,966] DEBUG https://test.api.amadeus.com:443 "GET /v2/shopping/flight-offers?originLocationCode=HAN&destinationLocationCode=DAD&departureDate=2025-03-28&adults=1&max=8 HTTP/1.1" 200 None
[2025-03-27 20:52:08,570] INFO Watching for file changes with StatReloader
[2025-03-27 20:52:39,229] ERROR Internal Server Error: /recommend/travel-schedule/
[2025-03-27 20:53:30,707] INFO Watching for file changes with StatReloader
[2025-03-27 20:57:57,442] INFO D:\FinTrip\Recommand\FinTrip\FinTrip\Recommend\processed.py changed, reloading.
[2025-03-27 20:57:58,125] INFO Watching for file changes with StatReloader
[2025-03-27 21:11:04,313] INFO D:\FinTrip\Recommand\FinTrip\FinTrip\Recommend\views.py changed, reloading.
[2025-03-27 21:11:05,128] INFO Watching for file changes with StatReloader
[2025-03-27 21:13:20,575] INFO D:\FinTrip\Recommand\FinTrip\FinTrip\Recommend\views.py changed, reloading.
[2025-03-27 21:13:21,177] INFO Watching for file changes with StatReloader
[2025-03-27 21:13:47,376] INFO D:\FinTrip\Recommand\FinTrip\FinTrip\Recommend\views.py changed, reloading.
[2025-03-27 21:13:47,867] INFO Watching for file changes with StatReloader
[2025-03-27 21:13:57,582] INFO D:\FinTrip\Recommand\FinTrip\FinTrip\Recommend\views.py changed, reloading.
[2025-03-27 21:13:58,115] INFO Watching for file changes with StatReloader
[2025-03-27 21:14:10,796] INFO D:\FinTrip\Recommand\FinTrip\FinTrip\Recommend\views.py changed, reloading.
[2025-03-27 21:14:11,275] INFO Watching for file changes with StatReloader
[2025-03-27 21:14:34,367] INFO D:\FinTrip\Recommand\FinTrip\FinTrip\Recommend\views.py changed, reloading.
[2025-03-27 21:14:34,893] INFO Watching for file changes with StatReloader
[2025-03-27 21:15:36,984] INFO D:\FinTrip\Recommand\FinTrip\FinTrip\Recommend\views.py changed, reloading.
[2025-03-27 21:15:37,529] INFO Watching for file changes with StatReloader
[2025-03-27 21:58:02,752] INFO Watching for file changes with StatReloader
[2025-03-27 21:58:23,857] INFO D:\FinTrip\Recommand\FinTrip\FinTrip\Recommend\CheckException.py changed, reloading.
[2025-03-27 21:58:24,395] INFO Watching for file changes with StatReloader
[2025-03-27 21:58:58,054] INFO D:\FinTrip\Recommand\FinTrip\FinTrip\Recommend\CheckException.py changed, reloading.
[2025-03-27 21:58:58,985] INFO Watching for file changes with StatReloader
[2025-03-27 21:59:50,430] INFO D:\FinTrip\Recommand\FinTrip\FinTrip\Recommend\views.py changed, reloading.
[2025-03-27 21:59:51,272] INFO Watching for file changes with StatReloader
[2025-03-27 22:05:01,213] INFO D:\FinTrip\Recommand\FinTrip\FinTrip\Recommend\urls.py changed, reloading.
[2025-03-27 22:05:01,957] INFO Watching for file changes with StatReloader
[2025-03-27 22:05:23,778] INFO D:\FinTrip\Recommand\FinTrip\FinTrip\Recommend\urls.py changed, reloading.
[2025-03-27 22:05:24,469] INFO Watching for file changes with StatReloader
[2025-03-27 22:05:42,274] INFO D:\FinTrip\Recommand\FinTrip\FinTrip\Recommend\urls.py changed, reloading.
[2025-03-27 22:05:43,084] INFO Watching for file changes with StatReloader
[2025-03-27 22:10:35,879] INFO D:\FinTrip\Recommand\FinTrip\FinTrip\Recommend\views.py changed, reloading.
[2025-03-27 22:10:36,672] INFO Watching for file changes with StatReloader
[2025-03-28 13:21:30,694] INFO Watching for file changes with StatReloader
[2025-03-28 13:22:30,455] INFO Watching for file changes with StatReloader
[2025-03-28 13:27:47,527] INFO D:\FinTrip\Recommand\FinTrip\FinTrip\Recommend\views.py changed, reloading.
[2025-03-28 13:27:48,960] INFO Watching for file changes with StatReloader
[2025-03-28 14:40:59,217] DEBUG Starting new HTTPS connection (1): test.api.amadeus.com:443
[2025-03-28 14:41:00,748] DEBUG https://test.api.amadeus.com:443 "POST /v1/security/oauth2/token HTTP/1.1" 200 406
[2025-03-28 14:41:00,754] DEBUG Starting new HTTPS connection (1): test.api.amadeus.com:443
[2025-03-28 14:41:03,487] DEBUG https://test.api.amadeus.com:443 "GET /v2/shopping/flight-offers?originLocationCode=DAD&destinationLocationCode=SGN&departureDate=2025-04-04&adults=1&max=8 HTTP/1.1" 200 None
[2025-03-28 14:42:06,573] ERROR Internal Server Error: /recommend/search-province/
[2025-03-31 10:21:49,312] INFO Watching for file changes with StatReloader
[2025-03-31 10:22:16,710] INFO D:\FinTrip\Recommand\FinTrip\FinTrip\FinTrip\settings.py changed, reloading.
[2025-03-31 10:22:17,505] INFO Watching for file changes with StatReloader
[2025-03-31 10:26:33,827] ERROR Internal Server Error: /recommend/login-user/
[2025-03-31 10:30:55,587] INFO D:\FinTrip\Recommand\FinTrip\FinTrip\Recommend\views.py changed, reloading.
[2025-03-31 10:30:56,584] INFO Watching for file changes with StatReloader
[2025-03-31 10:31:11,255] WARNING Bad Request: /recommend/login-user/
[2025-03-31 10:31:21,959] WARNING Bad Request: /recommend/login-user/
[2025-03-31 10:37:32,276] INFO D:\FinTrip\Recommand\FinTrip\FinTrip\Recommend\views.py changed, reloading.
[2025-03-31 10:37:33,242] INFO Watching for file changes with StatReloader
[2025-03-31 10:37:47,259] INFO D:\FinTrip\Recommand\FinTrip\FinTrip\Recommend\views.py changed, reloading.
[2025-03-31 10:37:47,959] INFO Watching for file changes with StatReloader
[2025-03-31 10:39:53,760] INFO D:\FinTrip\Recommand\FinTrip\FinTrip\Recommend\urls.py changed, reloading.
[2025-03-31 10:39:54,441] INFO Watching for file changes with StatReloader
[2025-03-31 10:42:01,064] WARNING Not Found: /recommend/create-user/
[2025-03-31 10:43:31,403] INFO D:\FinTrip\Recommand\FinTrip\FinTrip\Recommend\urls.py changed, reloading.
[2025-03-31 10:43:32,287] INFO Watching for file changes with StatReloader
[2025-03-31 10:44:06,105] ERROR Internal Server Error: /recommend/login-user/
Traceback (most recent call last):
  File "D:\FinTrip\Recommand\FinTrip\venv\Lib\site-packages\django\db\backends\utils.py", line 105, in _execute
    return self.cursor.execute(sql, params)
           ^^^^^^^^^^^^^^^^^^^^^^^^^^^^^^^^
  File "D:\FinTrip\Recommand\FinTrip\venv\Lib\site-packages\django\db\backends\mysql\base.py", line 76, in execute
    return self.cursor.execute(query, args)
           ^^^^^^^^^^^^^^^^^^^^^^^^^^^^^^^^
  File "D:\FinTrip\Recommand\FinTrip\venv\Lib\site-packages\MySQLdb\cursors.py", line 179, in execute
    res = self._query(mogrified_query)
          ^^^^^^^^^^^^^^^^^^^^^^^^^^^^
  File "D:\FinTrip\Recommand\FinTrip\venv\Lib\site-packages\MySQLdb\cursors.py", line 330, in _query
    db.query(q)
  File "D:\FinTrip\Recommand\FinTrip\venv\Lib\site-packages\MySQLdb\connections.py", line 280, in query
    _mysql.connection.query(self, query)
MySQLdb.ProgrammingError: (1146, "Table 'FinTrip.django_session' doesn't exist")

The above exception was the direct cause of the following exception:

Traceback (most recent call last):
  File "D:\FinTrip\Recommand\FinTrip\venv\Lib\site-packages\django\core\handlers\exception.py", line 55, in inner
    response = get_response(request)
               ^^^^^^^^^^^^^^^^^^^^^
  File "D:\FinTrip\Recommand\FinTrip\venv\Lib\site-packages\django\utils\deprecation.py", line 136, in __call__
    response = self.process_response(request, response)
               ^^^^^^^^^^^^^^^^^^^^^^^^^^^^^^^^^^^^^^^^
  File "D:\FinTrip\Recommand\FinTrip\venv\Lib\site-packages\django\contrib\sessions\middleware.py", line 59, in process_response
    request.session.save()
  File "D:\FinTrip\Recommand\FinTrip\venv\Lib\site-packages\django\contrib\sessions\backends\db.py", line 80, in save
    return self.create()
           ^^^^^^^^^^^^^
  File "D:\FinTrip\Recommand\FinTrip\venv\Lib\site-packages\django\contrib\sessions\backends\db.py", line 50, in create
    self._session_key = self._get_new_session_key()
                        ^^^^^^^^^^^^^^^^^^^^^^^^^^^
  File "D:\FinTrip\Recommand\FinTrip\venv\Lib\site-packages\django\contrib\sessions\backends\base.py", line 150, in _get_new_session_key
    if not self.exists(session_key):
           ^^^^^^^^^^^^^^^^^^^^^^^^
  File "D:\FinTrip\Recommand\FinTrip\venv\Lib\site-packages\django\contrib\sessions\backends\db.py", line 46, in exists
    return self.model.objects.filter(session_key=session_key).exists()
           ^^^^^^^^^^^^^^^^^^^^^^^^^^^^^^^^^^^^^^^^^^^^^^^^^^^^^^^^^^^
  File "D:\FinTrip\Recommand\FinTrip\venv\Lib\site-packages\django\db\models\query.py", line 1288, in exists
    return self.query.has_results(using=self.db)
           ^^^^^^^^^^^^^^^^^^^^^^^^^^^^^^^^^^^^^
  File "D:\FinTrip\Recommand\FinTrip\venv\Lib\site-packages\django\db\models\sql\query.py", line 659, in has_results
    return compiler.has_results()
           ^^^^^^^^^^^^^^^^^^^^^^
  File "D:\FinTrip\Recommand\FinTrip\venv\Lib\site-packages\django\db\models\sql\compiler.py", line 1530, in has_results
    return bool(self.execute_sql(SINGLE))
                ^^^^^^^^^^^^^^^^^^^^^^^^
  File "D:\FinTrip\Recommand\FinTrip\venv\Lib\site-packages\django\db\models\sql\compiler.py", line 1562, in execute_sql
    cursor.execute(sql, params)
  File "D:\FinTrip\Recommand\FinTrip\venv\Lib\site-packages\django\db\backends\utils.py", line 122, in execute
    return super().execute(sql, params)
           ^^^^^^^^^^^^^^^^^^^^^^^^^^^^
  File "D:\FinTrip\Recommand\FinTrip\venv\Lib\site-packages\django\db\backends\utils.py", line 79, in execute
    return self._execute_with_wrappers(
           ^^^^^^^^^^^^^^^^^^^^^^^^^^^^
  File "D:\FinTrip\Recommand\FinTrip\venv\Lib\site-packages\django\db\backends\utils.py", line 92, in _execute_with_wrappers
    return executor(sql, params, many, context)
           ^^^^^^^^^^^^^^^^^^^^^^^^^^^^^^^^^^^^
  File "D:\FinTrip\Recommand\FinTrip\venv\Lib\site-packages\django\db\backends\utils.py", line 100, in _execute
    with self.db.wrap_database_errors:
  File "D:\FinTrip\Recommand\FinTrip\venv\Lib\site-packages\django\db\utils.py", line 91, in __exit__
    raise dj_exc_value.with_traceback(traceback) from exc_value
  File "D:\FinTrip\Recommand\FinTrip\venv\Lib\site-packages\django\db\backends\utils.py", line 105, in _execute
    return self.cursor.execute(sql, params)
           ^^^^^^^^^^^^^^^^^^^^^^^^^^^^^^^^
  File "D:\FinTrip\Recommand\FinTrip\venv\Lib\site-packages\django\db\backends\mysql\base.py", line 76, in execute
    return self.cursor.execute(query, args)
           ^^^^^^^^^^^^^^^^^^^^^^^^^^^^^^^^
  File "D:\FinTrip\Recommand\FinTrip\venv\Lib\site-packages\MySQLdb\cursors.py", line 179, in execute
    res = self._query(mogrified_query)
          ^^^^^^^^^^^^^^^^^^^^^^^^^^^^
  File "D:\FinTrip\Recommand\FinTrip\venv\Lib\site-packages\MySQLdb\cursors.py", line 330, in _query
    db.query(q)
  File "D:\FinTrip\Recommand\FinTrip\venv\Lib\site-packages\MySQLdb\connections.py", line 280, in query
    _mysql.connection.query(self, query)
django.db.utils.ProgrammingError: (1146, "Table 'FinTrip.django_session' doesn't exist")
[2025-03-31 10:47:58,299] INFO D:\FinTrip\Recommand\FinTrip\FinTrip\Recommend\views.py changed, reloading.
[2025-03-31 10:47:59,429] INFO Watching for file changes with StatReloader
[2025-03-31 10:57:08,727] INFO D:\FinTrip\Recommand\FinTrip\FinTrip\Recommend\views.py changed, reloading.
[2025-03-31 10:57:09,416] INFO Watching for file changes with StatReloader
[2025-03-31 10:57:24,545] INFO Watching for file changes with StatReloader
[2025-03-31 10:57:30,234] ERROR Internal Server Error: /recommend/login-user/
Traceback (most recent call last):
  File "D:\FinTrip\Recommand\FinTrip\venv\Lib\site-packages\django\db\backends\utils.py", line 105, in _execute
    return self.cursor.execute(sql, params)
           ^^^^^^^^^^^^^^^^^^^^^^^^^^^^^^^^
  File "D:\FinTrip\Recommand\FinTrip\venv\Lib\site-packages\django\db\backends\mysql\base.py", line 76, in execute
    return self.cursor.execute(query, args)
           ^^^^^^^^^^^^^^^^^^^^^^^^^^^^^^^^
  File "D:\FinTrip\Recommand\FinTrip\venv\Lib\site-packages\MySQLdb\cursors.py", line 179, in execute
    res = self._query(mogrified_query)
          ^^^^^^^^^^^^^^^^^^^^^^^^^^^^
  File "D:\FinTrip\Recommand\FinTrip\venv\Lib\site-packages\MySQLdb\cursors.py", line 330, in _query
    db.query(q)
  File "D:\FinTrip\Recommand\FinTrip\venv\Lib\site-packages\MySQLdb\connections.py", line 280, in query
    _mysql.connection.query(self, query)
MySQLdb.ProgrammingError: (1146, "Table 'FinTrip.django_session' doesn't exist")

The above exception was the direct cause of the following exception:

Traceback (most recent call last):
  File "D:\FinTrip\Recommand\FinTrip\venv\Lib\site-packages\django\core\handlers\exception.py", line 55, in inner
    response = get_response(request)
               ^^^^^^^^^^^^^^^^^^^^^
  File "D:\FinTrip\Recommand\FinTrip\venv\Lib\site-packages\django\utils\deprecation.py", line 136, in __call__
    response = self.process_response(request, response)
               ^^^^^^^^^^^^^^^^^^^^^^^^^^^^^^^^^^^^^^^^
  File "D:\FinTrip\Recommand\FinTrip\venv\Lib\site-packages\django\contrib\sessions\middleware.py", line 59, in process_response
    request.session.save()
  File "D:\FinTrip\Recommand\FinTrip\venv\Lib\site-packages\django\contrib\sessions\backends\db.py", line 80, in save
    return self.create()
           ^^^^^^^^^^^^^
  File "D:\FinTrip\Recommand\FinTrip\venv\Lib\site-packages\django\contrib\sessions\backends\db.py", line 50, in create
    self._session_key = self._get_new_session_key()
                        ^^^^^^^^^^^^^^^^^^^^^^^^^^^
  File "D:\FinTrip\Recommand\FinTrip\venv\Lib\site-packages\django\contrib\sessions\backends\base.py", line 150, in _get_new_session_key
    if not self.exists(session_key):
           ^^^^^^^^^^^^^^^^^^^^^^^^
  File "D:\FinTrip\Recommand\FinTrip\venv\Lib\site-packages\django\contrib\sessions\backends\db.py", line 46, in exists
    return self.model.objects.filter(session_key=session_key).exists()
           ^^^^^^^^^^^^^^^^^^^^^^^^^^^^^^^^^^^^^^^^^^^^^^^^^^^^^^^^^^^
  File "D:\FinTrip\Recommand\FinTrip\venv\Lib\site-packages\django\db\models\query.py", line 1288, in exists
    return self.query.has_results(using=self.db)
           ^^^^^^^^^^^^^^^^^^^^^^^^^^^^^^^^^^^^^
  File "D:\FinTrip\Recommand\FinTrip\venv\Lib\site-packages\django\db\models\sql\query.py", line 659, in has_results
    return compiler.has_results()
           ^^^^^^^^^^^^^^^^^^^^^^
  File "D:\FinTrip\Recommand\FinTrip\venv\Lib\site-packages\django\db\models\sql\compiler.py", line 1530, in has_results
    return bool(self.execute_sql(SINGLE))
                ^^^^^^^^^^^^^^^^^^^^^^^^
  File "D:\FinTrip\Recommand\FinTrip\venv\Lib\site-packages\django\db\models\sql\compiler.py", line 1562, in execute_sql
    cursor.execute(sql, params)
  File "D:\FinTrip\Recommand\FinTrip\venv\Lib\site-packages\django\db\backends\utils.py", line 122, in execute
    return super().execute(sql, params)
           ^^^^^^^^^^^^^^^^^^^^^^^^^^^^
  File "D:\FinTrip\Recommand\FinTrip\venv\Lib\site-packages\django\db\backends\utils.py", line 79, in execute
    return self._execute_with_wrappers(
           ^^^^^^^^^^^^^^^^^^^^^^^^^^^^
  File "D:\FinTrip\Recommand\FinTrip\venv\Lib\site-packages\django\db\backends\utils.py", line 92, in _execute_with_wrappers
    return executor(sql, params, many, context)
           ^^^^^^^^^^^^^^^^^^^^^^^^^^^^^^^^^^^^
  File "D:\FinTrip\Recommand\FinTrip\venv\Lib\site-packages\django\db\backends\utils.py", line 100, in _execute
    with self.db.wrap_database_errors:
  File "D:\FinTrip\Recommand\FinTrip\venv\Lib\site-packages\django\db\utils.py", line 91, in __exit__
    raise dj_exc_value.with_traceback(traceback) from exc_value
  File "D:\FinTrip\Recommand\FinTrip\venv\Lib\site-packages\django\db\backends\utils.py", line 105, in _execute
    return self.cursor.execute(sql, params)
           ^^^^^^^^^^^^^^^^^^^^^^^^^^^^^^^^
  File "D:\FinTrip\Recommand\FinTrip\venv\Lib\site-packages\django\db\backends\mysql\base.py", line 76, in execute
    return self.cursor.execute(query, args)
           ^^^^^^^^^^^^^^^^^^^^^^^^^^^^^^^^
  File "D:\FinTrip\Recommand\FinTrip\venv\Lib\site-packages\MySQLdb\cursors.py", line 179, in execute
    res = self._query(mogrified_query)
          ^^^^^^^^^^^^^^^^^^^^^^^^^^^^
  File "D:\FinTrip\Recommand\FinTrip\venv\Lib\site-packages\MySQLdb\cursors.py", line 330, in _query
    db.query(q)
  File "D:\FinTrip\Recommand\FinTrip\venv\Lib\site-packages\MySQLdb\connections.py", line 280, in query
    _mysql.connection.query(self, query)
django.db.utils.ProgrammingError: (1146, "Table 'FinTrip.django_session' doesn't exist")
[2025-03-31 10:57:31,927] ERROR Internal Server Error: /recommend/login-user/
Traceback (most recent call last):
  File "D:\FinTrip\Recommand\FinTrip\venv\Lib\site-packages\django\db\backends\utils.py", line 105, in _execute
    return self.cursor.execute(sql, params)
           ^^^^^^^^^^^^^^^^^^^^^^^^^^^^^^^^
  File "D:\FinTrip\Recommand\FinTrip\venv\Lib\site-packages\django\db\backends\mysql\base.py", line 76, in execute
    return self.cursor.execute(query, args)
           ^^^^^^^^^^^^^^^^^^^^^^^^^^^^^^^^
  File "D:\FinTrip\Recommand\FinTrip\venv\Lib\site-packages\MySQLdb\cursors.py", line 179, in execute
    res = self._query(mogrified_query)
          ^^^^^^^^^^^^^^^^^^^^^^^^^^^^
  File "D:\FinTrip\Recommand\FinTrip\venv\Lib\site-packages\MySQLdb\cursors.py", line 330, in _query
    db.query(q)
  File "D:\FinTrip\Recommand\FinTrip\venv\Lib\site-packages\MySQLdb\connections.py", line 280, in query
    _mysql.connection.query(self, query)
MySQLdb.ProgrammingError: (1146, "Table 'FinTrip.django_session' doesn't exist")

The above exception was the direct cause of the following exception:

Traceback (most recent call last):
  File "D:\FinTrip\Recommand\FinTrip\venv\Lib\site-packages\django\core\handlers\exception.py", line 55, in inner
    response = get_response(request)
               ^^^^^^^^^^^^^^^^^^^^^
  File "D:\FinTrip\Recommand\FinTrip\venv\Lib\site-packages\django\utils\deprecation.py", line 136, in __call__
    response = self.process_response(request, response)
               ^^^^^^^^^^^^^^^^^^^^^^^^^^^^^^^^^^^^^^^^
  File "D:\FinTrip\Recommand\FinTrip\venv\Lib\site-packages\django\contrib\sessions\middleware.py", line 59, in process_response
    request.session.save()
  File "D:\FinTrip\Recommand\FinTrip\venv\Lib\site-packages\django\contrib\sessions\backends\db.py", line 80, in save
    return self.create()
           ^^^^^^^^^^^^^
  File "D:\FinTrip\Recommand\FinTrip\venv\Lib\site-packages\django\contrib\sessions\backends\db.py", line 50, in create
    self._session_key = self._get_new_session_key()
                        ^^^^^^^^^^^^^^^^^^^^^^^^^^^
  File "D:\FinTrip\Recommand\FinTrip\venv\Lib\site-packages\django\contrib\sessions\backends\base.py", line 150, in _get_new_session_key
    if not self.exists(session_key):
           ^^^^^^^^^^^^^^^^^^^^^^^^
  File "D:\FinTrip\Recommand\FinTrip\venv\Lib\site-packages\django\contrib\sessions\backends\db.py", line 46, in exists
    return self.model.objects.filter(session_key=session_key).exists()
           ^^^^^^^^^^^^^^^^^^^^^^^^^^^^^^^^^^^^^^^^^^^^^^^^^^^^^^^^^^^
  File "D:\FinTrip\Recommand\FinTrip\venv\Lib\site-packages\django\db\models\query.py", line 1288, in exists
    return self.query.has_results(using=self.db)
           ^^^^^^^^^^^^^^^^^^^^^^^^^^^^^^^^^^^^^
  File "D:\FinTrip\Recommand\FinTrip\venv\Lib\site-packages\django\db\models\sql\query.py", line 659, in has_results
    return compiler.has_results()
           ^^^^^^^^^^^^^^^^^^^^^^
  File "D:\FinTrip\Recommand\FinTrip\venv\Lib\site-packages\django\db\models\sql\compiler.py", line 1530, in has_results
    return bool(self.execute_sql(SINGLE))
                ^^^^^^^^^^^^^^^^^^^^^^^^
  File "D:\FinTrip\Recommand\FinTrip\venv\Lib\site-packages\django\db\models\sql\compiler.py", line 1562, in execute_sql
    cursor.execute(sql, params)
  File "D:\FinTrip\Recommand\FinTrip\venv\Lib\site-packages\django\db\backends\utils.py", line 122, in execute
    return super().execute(sql, params)
           ^^^^^^^^^^^^^^^^^^^^^^^^^^^^
  File "D:\FinTrip\Recommand\FinTrip\venv\Lib\site-packages\django\db\backends\utils.py", line 79, in execute
    return self._execute_with_wrappers(
           ^^^^^^^^^^^^^^^^^^^^^^^^^^^^
  File "D:\FinTrip\Recommand\FinTrip\venv\Lib\site-packages\django\db\backends\utils.py", line 92, in _execute_with_wrappers
    return executor(sql, params, many, context)
           ^^^^^^^^^^^^^^^^^^^^^^^^^^^^^^^^^^^^
  File "D:\FinTrip\Recommand\FinTrip\venv\Lib\site-packages\django\db\backends\utils.py", line 100, in _execute
    with self.db.wrap_database_errors:
  File "D:\FinTrip\Recommand\FinTrip\venv\Lib\site-packages\django\db\utils.py", line 91, in __exit__
    raise dj_exc_value.with_traceback(traceback) from exc_value
  File "D:\FinTrip\Recommand\FinTrip\venv\Lib\site-packages\django\db\backends\utils.py", line 105, in _execute
    return self.cursor.execute(sql, params)
           ^^^^^^^^^^^^^^^^^^^^^^^^^^^^^^^^
  File "D:\FinTrip\Recommand\FinTrip\venv\Lib\site-packages\django\db\backends\mysql\base.py", line 76, in execute
    return self.cursor.execute(query, args)
           ^^^^^^^^^^^^^^^^^^^^^^^^^^^^^^^^
  File "D:\FinTrip\Recommand\FinTrip\venv\Lib\site-packages\MySQLdb\cursors.py", line 179, in execute
    res = self._query(mogrified_query)
          ^^^^^^^^^^^^^^^^^^^^^^^^^^^^
  File "D:\FinTrip\Recommand\FinTrip\venv\Lib\site-packages\MySQLdb\cursors.py", line 330, in _query
    db.query(q)
  File "D:\FinTrip\Recommand\FinTrip\venv\Lib\site-packages\MySQLdb\connections.py", line 280, in query
    _mysql.connection.query(self, query)
django.db.utils.ProgrammingError: (1146, "Table 'FinTrip.django_session' doesn't exist")
[2025-03-31 10:57:44,843] INFO Watching for file changes with StatReloader
[2025-03-31 10:57:48,507] ERROR Internal Server Error: /recommend/login-user/
Traceback (most recent call last):
  File "D:\FinTrip\Recommand\FinTrip\venv\Lib\site-packages\django\db\backends\utils.py", line 105, in _execute
    return self.cursor.execute(sql, params)
           ^^^^^^^^^^^^^^^^^^^^^^^^^^^^^^^^
  File "D:\FinTrip\Recommand\FinTrip\venv\Lib\site-packages\django\db\backends\mysql\base.py", line 76, in execute
    return self.cursor.execute(query, args)
           ^^^^^^^^^^^^^^^^^^^^^^^^^^^^^^^^
  File "D:\FinTrip\Recommand\FinTrip\venv\Lib\site-packages\MySQLdb\cursors.py", line 179, in execute
    res = self._query(mogrified_query)
          ^^^^^^^^^^^^^^^^^^^^^^^^^^^^
  File "D:\FinTrip\Recommand\FinTrip\venv\Lib\site-packages\MySQLdb\cursors.py", line 330, in _query
    db.query(q)
  File "D:\FinTrip\Recommand\FinTrip\venv\Lib\site-packages\MySQLdb\connections.py", line 280, in query
    _mysql.connection.query(self, query)
MySQLdb.ProgrammingError: (1146, "Table 'FinTrip.django_session' doesn't exist")

The above exception was the direct cause of the following exception:

Traceback (most recent call last):
  File "D:\FinTrip\Recommand\FinTrip\venv\Lib\site-packages\django\core\handlers\exception.py", line 55, in inner
    response = get_response(request)
               ^^^^^^^^^^^^^^^^^^^^^
  File "D:\FinTrip\Recommand\FinTrip\venv\Lib\site-packages\django\utils\deprecation.py", line 136, in __call__
    response = self.process_response(request, response)
               ^^^^^^^^^^^^^^^^^^^^^^^^^^^^^^^^^^^^^^^^
  File "D:\FinTrip\Recommand\FinTrip\venv\Lib\site-packages\django\contrib\sessions\middleware.py", line 59, in process_response
    request.session.save()
  File "D:\FinTrip\Recommand\FinTrip\venv\Lib\site-packages\django\contrib\sessions\backends\db.py", line 80, in save
    return self.create()
           ^^^^^^^^^^^^^
  File "D:\FinTrip\Recommand\FinTrip\venv\Lib\site-packages\django\contrib\sessions\backends\db.py", line 50, in create
    self._session_key = self._get_new_session_key()
                        ^^^^^^^^^^^^^^^^^^^^^^^^^^^
  File "D:\FinTrip\Recommand\FinTrip\venv\Lib\site-packages\django\contrib\sessions\backends\base.py", line 150, in _get_new_session_key
    if not self.exists(session_key):
           ^^^^^^^^^^^^^^^^^^^^^^^^
  File "D:\FinTrip\Recommand\FinTrip\venv\Lib\site-packages\django\contrib\sessions\backends\db.py", line 46, in exists
    return self.model.objects.filter(session_key=session_key).exists()
           ^^^^^^^^^^^^^^^^^^^^^^^^^^^^^^^^^^^^^^^^^^^^^^^^^^^^^^^^^^^
  File "D:\FinTrip\Recommand\FinTrip\venv\Lib\site-packages\django\db\models\query.py", line 1288, in exists
    return self.query.has_results(using=self.db)
           ^^^^^^^^^^^^^^^^^^^^^^^^^^^^^^^^^^^^^
  File "D:\FinTrip\Recommand\FinTrip\venv\Lib\site-packages\django\db\models\sql\query.py", line 659, in has_results
    return compiler.has_results()
           ^^^^^^^^^^^^^^^^^^^^^^
  File "D:\FinTrip\Recommand\FinTrip\venv\Lib\site-packages\django\db\models\sql\compiler.py", line 1530, in has_results
    return bool(self.execute_sql(SINGLE))
                ^^^^^^^^^^^^^^^^^^^^^^^^
  File "D:\FinTrip\Recommand\FinTrip\venv\Lib\site-packages\django\db\models\sql\compiler.py", line 1562, in execute_sql
    cursor.execute(sql, params)
  File "D:\FinTrip\Recommand\FinTrip\venv\Lib\site-packages\django\db\backends\utils.py", line 122, in execute
    return super().execute(sql, params)
           ^^^^^^^^^^^^^^^^^^^^^^^^^^^^
  File "D:\FinTrip\Recommand\FinTrip\venv\Lib\site-packages\django\db\backends\utils.py", line 79, in execute
    return self._execute_with_wrappers(
           ^^^^^^^^^^^^^^^^^^^^^^^^^^^^
  File "D:\FinTrip\Recommand\FinTrip\venv\Lib\site-packages\django\db\backends\utils.py", line 92, in _execute_with_wrappers
    return executor(sql, params, many, context)
           ^^^^^^^^^^^^^^^^^^^^^^^^^^^^^^^^^^^^
  File "D:\FinTrip\Recommand\FinTrip\venv\Lib\site-packages\django\db\backends\utils.py", line 100, in _execute
    with self.db.wrap_database_errors:
  File "D:\FinTrip\Recommand\FinTrip\venv\Lib\site-packages\django\db\utils.py", line 91, in __exit__
    raise dj_exc_value.with_traceback(traceback) from exc_value
  File "D:\FinTrip\Recommand\FinTrip\venv\Lib\site-packages\django\db\backends\utils.py", line 105, in _execute
    return self.cursor.execute(sql, params)
           ^^^^^^^^^^^^^^^^^^^^^^^^^^^^^^^^
  File "D:\FinTrip\Recommand\FinTrip\venv\Lib\site-packages\django\db\backends\mysql\base.py", line 76, in execute
    return self.cursor.execute(query, args)
           ^^^^^^^^^^^^^^^^^^^^^^^^^^^^^^^^
  File "D:\FinTrip\Recommand\FinTrip\venv\Lib\site-packages\MySQLdb\cursors.py", line 179, in execute
    res = self._query(mogrified_query)
          ^^^^^^^^^^^^^^^^^^^^^^^^^^^^
  File "D:\FinTrip\Recommand\FinTrip\venv\Lib\site-packages\MySQLdb\cursors.py", line 330, in _query
    db.query(q)
  File "D:\FinTrip\Recommand\FinTrip\venv\Lib\site-packages\MySQLdb\connections.py", line 280, in query
    _mysql.connection.query(self, query)
django.db.utils.ProgrammingError: (1146, "Table 'FinTrip.django_session' doesn't exist")
[2025-03-31 11:01:45,203] INFO Watching for file changes with StatReloader
[2025-03-31 11:02:32,474] WARNING Bad Request: /recommend/login-user/
[2025-03-31 11:08:23,284] INFO D:\FinTrip\Recommand\FinTrip\FinTrip\Recommend\views.py changed, reloading.
[2025-03-31 11:08:23,992] INFO Watching for file changes with StatReloader
[2025-03-31 11:08:50,239] INFO D:\FinTrip\Recommand\FinTrip\FinTrip\Recommend\urls.py changed, reloading.
[2025-03-31 11:08:50,918] INFO Watching for file changes with StatReloader
[2025-03-31 11:09:18,329] WARNING Bad Request: /recommend/delete-user/
[2025-03-31 13:23:14,297] INFO Watching for file changes with StatReloader
[2025-03-31 13:58:39,535] INFO Watching for file changes with StatReloader
[2025-03-31 14:02:18,546] ERROR Internal Server Error: /recommend/search-province/
[2025-03-31 14:02:32,217] WARNING Bad Request: /recommend/search-province/
[2025-03-31 14:02:37,197] WARNING Bad Request: /recommend/search-province/
[2025-03-31 14:03:12,650] ERROR Internal Server Error: /recommend/search-province/
[2025-03-31 14:03:51,505] ERROR Internal Server Error: /recommend/search-province/
[2025-03-31 14:04:16,551] DEBUG Starting new HTTPS connection (1): test.api.amadeus.com:443
[2025-03-31 14:04:17,489] DEBUG https://test.api.amadeus.com:443 "POST /v1/security/oauth2/token HTTP/1.1" 200 406
[2025-03-31 14:04:17,491] DEBUG Starting new HTTPS connection (1): test.api.amadeus.com:443
[2025-03-31 14:04:19,598] DEBUG https://test.api.amadeus.com:443 "GET /v2/shopping/flight-offers?originLocationCode=DAD&destinationLocationCode=SGN&departureDate=2025-04-04&adults=1&max=8 HTTP/1.1" 200 None
[2025-03-31 14:07:39,245] WARNING Bad Request: /recommend/login-user/
[2025-03-31 14:28:57,927] INFO D:\FinTrip\Recommand\FinTrip\FinTrip\Recommend\views.py changed, reloading.
[2025-03-31 14:28:58,719] INFO Watching for file changes with StatReloader
[2025-03-31 14:29:01,776] ERROR Internal Server Error: /recommend/search-province/
[2025-03-31 14:36:58,049] INFO D:\FinTrip\Recommand\FinTrip\FinTrip\Recommend\CheckException.py changed, reloading.
[2025-03-31 14:36:58,804] INFO Watching for file changes with StatReloader
[2025-03-31 14:37:43,134] INFO D:\FinTrip\Recommand\FinTrip\FinTrip\Recommend\CheckException.py changed, reloading.
[2025-03-31 14:37:43,857] INFO Watching for file changes with StatReloader
[2025-03-31 14:38:09,318] INFO D:\FinTrip\Recommand\FinTrip\FinTrip\Recommend\views.py changed, reloading.
[2025-03-31 14:38:10,057] INFO Watching for file changes with StatReloader
[2025-03-31 14:38:13,193] ERROR Internal Server Error: /recommend/search-province/
[2025-03-31 14:39:32,601] INFO D:\FinTrip\Recommand\FinTrip\FinTrip\Recommend\views.py changed, reloading.
[2025-03-31 14:39:33,282] INFO Watching for file changes with StatReloader
